Added Component: Designator=5V-3.3V(SOT223_M)
Add component. Clean all parameters for all variants
Added Component: Designator=BMP280(HDR1X6)
Add component. Clean all parameters for all variants
Add component (AddParameter): Name = "LatestRevisionDate"; Value = "17-Jul-2002"; VariantName = "[No Variations]"
Add component (AddParameter): Name = "LatestRevisionNote"; Value = "Re-released for DXP Platform."; VariantName = "[No Variations]"
Add component (AddParameter): Name = "Publisher"; Value = "Altium Limited"; VariantName = "[No Variations]"
Added Component: Designator=C1(0805)
Add component. Clean all parameters for all variants
Add component (AddParameter): Name = "LatestRevisionDate"; Value = "17-Jul-2002"; VariantName = "[No Variations]"
Add component (AddParameter): Name = "LatestRevisionNote"; Value = "Re-released for DXP Platform."; VariantName = "[No Variations]"
Add component (AddParameter): Name = "PackageDescription"; Value = "Radial Cap, Thru-Hole; 2 Leads; 0.3 in Pin Spacing"; VariantName = "[No Variations]"
Add component (AddParameter): Name = "PackageReference"; Value = "RAD-0.3"; VariantName = "[No Variations]"
Add component (AddParameter): Name = "Published"; Value = "8-Jun-2000"; VariantName = "[No Variations]"
Add component (AddParameter): Name = "Publisher"; Value = "Altium Limited"; VariantName = "[No Variations]"
Add component (AddParameter): Name = "Value"; Value = "22pF"; VariantName = "[No Variations]"
Added Component: Designator=C2(0805)
Add component. Clean all parameters for all variants
Add component (AddParameter): Name = "LatestRevisionDate"; Value = "17-Jul-2002"; VariantName = "[No Variations]"
Add component (AddParameter): Name = "LatestRevisionNote"; Value = "Re-released for DXP Platform."; VariantName = "[No Variations]"
Add component (AddParameter): Name = "PackageDescription"; Value = "Radial Cap, Thru-Hole; 2 Leads; 0.3 in Pin Spacing"; VariantName = "[No Variations]"
Add component (AddParameter): Name = "PackageReference"; Value = "RAD-0.3"; VariantName = "[No Variations]"
Add component (AddParameter): Name = "Published"; Value = "8-Jun-2000"; VariantName = "[No Variations]"
Add component (AddParameter): Name = "Publisher"; Value = "Altium Limited"; VariantName = "[No Variations]"
Add component (AddParameter): Name = "Value"; Value = "100pF"; VariantName = "[No Variations]"
Added Component: Designator=C3(0805)
Add component. Clean all parameters for all variants
Add component (AddParameter): Name = "LatestRevisionDate"; Value = "17-Jul-2002"; VariantName = "[No Variations]"
Add component (AddParameter): Name = "LatestRevisionNote"; Value = "Re-released for DXP Platform."; VariantName = "[No Variations]"
Add component (AddParameter): Name = "PackageDescription"; Value = "Radial Cap, Thru-Hole; 2 Leads; 0.3 in Pin Spacing"; VariantName = "[No Variations]"
Add component (AddParameter): Name = "PackageReference"; Value = "RAD-0.3"; VariantName = "[No Variations]"
Add component (AddParameter): Name = "Published"; Value = "8-Jun-2000"; VariantName = "[No Variations]"
Add component (AddParameter): Name = "Publisher"; Value = "Altium Limited"; VariantName = "[No Variations]"
Add component (AddParameter): Name = "Value"; Value = "22pF"; VariantName = "[No Variations]"
Added Component: Designator=C4(0805)
Add component. Clean all parameters for all variants
Add component (AddParameter): Name = "LatestRevisionDate"; Value = "17-Jul-2002"; VariantName = "[No Variations]"
Add component (AddParameter): Name = "LatestRevisionNote"; Value = "Re-released for DXP Platform."; VariantName = "[No Variations]"
Add component (AddParameter): Name = "PackageDescription"; Value = "Radial Cap, Thru-Hole; 2 Leads; 0.3 in Pin Spacing"; VariantName = "[No Variations]"
Add component (AddParameter): Name = "PackageReference"; Value = "RAD-0.3"; VariantName = "[No Variations]"
Add component (AddParameter): Name = "Published"; Value = "8-Jun-2000"; VariantName = "[No Variations]"
Add component (AddParameter): Name = "Publisher"; Value = "Altium Limited"; VariantName = "[No Variations]"
Add component (AddParameter): Name = "Value"; Value = "100pF"; VariantName = "[No Variations]"
Added Component: Designator=C5(0805)
Add component. Clean all parameters for all variants
Add component (AddParameter): Name = "LatestRevisionDate"; Value = "17-Jul-2002"; VariantName = "[No Variations]"
Add component (AddParameter): Name = "LatestRevisionNote"; Value = "Re-released for DXP Platform."; VariantName = "[No Variations]"
Add component (AddParameter): Name = "PackageDescription"; Value = "Radial Cap, Thru-Hole; 2 Leads; 0.3 in Pin Spacing"; VariantName = "[No Variations]"
Add component (AddParameter): Name = "PackageReference"; Value = "RAD-0.3"; VariantName = "[No Variations]"
Add component (AddParameter): Name = "Published"; Value = "8-Jun-2000"; VariantName = "[No Variations]"
Add component (AddParameter): Name = "Publisher"; Value = "Altium Limited"; VariantName = "[No Variations]"
Add component (AddParameter): Name = "Value"; Value = "100pF"; VariantName = "[No Variations]"
Added Component: Designator=C6(0805)
Add component. Clean all parameters for all variants
Add component (AddParameter): Name = "LatestRevisionDate"; Value = "17-Jul-2002"; VariantName = "[No Variations]"
Add component (AddParameter): Name = "LatestRevisionNote"; Value = "Re-released for DXP Platform."; VariantName = "[No Variations]"
Add component (AddParameter): Name = "PackageDescription"; Value = "Radial Cap, Thru-Hole; 2 Leads; 0.3 in Pin Spacing"; VariantName = "[No Variations]"
Add component (AddParameter): Name = "PackageReference"; Value = "RAD-0.3"; VariantName = "[No Variations]"
Add component (AddParameter): Name = "Published"; Value = "8-Jun-2000"; VariantName = "[No Variations]"
Add component (AddParameter): Name = "Publisher"; Value = "Altium Limited"; VariantName = "[No Variations]"
Add component (AddParameter): Name = "Value"; Value = "100nF"; VariantName = "[No Variations]"
Added Component: Designator=C7(0805)
Add component. Clean all parameters for all variants
Add component (AddParameter): Name = "LatestRevisionDate"; Value = "17-Jul-2002"; VariantName = "[No Variations]"
Add component (AddParameter): Name = "LatestRevisionNote"; Value = "Re-released for DXP Platform."; VariantName = "[No Variations]"
Add component (AddParameter): Name = "PackageDescription"; Value = "Radial Cap, Thru-Hole; 2 Leads; 0.3 in Pin Spacing"; VariantName = "[No Variations]"
Add component (AddParameter): Name = "PackageReference"; Value = "RAD-0.3"; VariantName = "[No Variations]"
Add component (AddParameter): Name = "Published"; Value = "8-Jun-2000"; VariantName = "[No Variations]"
Add component (AddParameter): Name = "Publisher"; Value = "Altium Limited"; VariantName = "[No Variations]"
Add component (AddParameter): Name = "Value"; Value = "100pF"; VariantName = "[No Variations]"
Added Component: Designator=C8(0805)
Add component. Clean all parameters for all variants
Add component (AddParameter): Name = "LatestRevisionDate"; Value = "17-Jul-2002"; VariantName = "[No Variations]"
Add component (AddParameter): Name = "LatestRevisionNote"; Value = "Re-released for DXP Platform."; VariantName = "[No Variations]"
Add component (AddParameter): Name = "PackageDescription"; Value = "Radial Cap, Thru-Hole; 2 Leads; 0.3 in Pin Spacing"; VariantName = "[No Variations]"
Add component (AddParameter): Name = "PackageReference"; Value = "RAD-0.3"; VariantName = "[No Variations]"
Add component (AddParameter): Name = "Published"; Value = "8-Jun-2000"; VariantName = "[No Variations]"
Add component (AddParameter): Name = "Publisher"; Value = "Altium Limited"; VariantName = "[No Variations]"
Add component (AddParameter): Name = "Value"; Value = "10uF"; VariantName = "[No Variations]"
Added Component: Designator=C9(1206)
Add component. Clean all parameters for all variants
Added Component: Designator=C10(1206)
Add component. Clean all parameters for all variants
Added Component: Designator=C11(0805)
Add component. Clean all parameters for all variants
Added Component: Designator=C12(0805)
Add component. Clean all parameters for all variants
Added Component: Designator=C13(0805)
Add component. Clean all parameters for all variants
Added Component: Designator=C14(0805)
Add component. Clean all parameters for all variants
Add component (AddParameter): Name = "LatestRevisionDate"; Value = "17-Jul-2002"; VariantName = "[No Variations]"
Add component (AddParameter): Name = "LatestRevisionNote"; Value = "Re-released for DXP Platform."; VariantName = "[No Variations]"
Add component (AddParameter): Name = "PackageDescription"; Value = "Radial Cap, Thru-Hole; 2 Leads; 0.3 in Pin Spacing"; VariantName = "[No Variations]"
Add component (AddParameter): Name = "PackageReference"; Value = "RAD-0.3"; VariantName = "[No Variations]"
Add component (AddParameter): Name = "Published"; Value = "8-Jun-2000"; VariantName = "[No Variations]"
Add component (AddParameter): Name = "Publisher"; Value = "Altium Limited"; VariantName = "[No Variations]"
Add component (AddParameter): Name = "Value"; Value = "100pF"; VariantName = "[No Variations]"
Added Component: Designator=C15(0805)
Add component. Clean all parameters for all variants
Add component (AddParameter): Name = "LatestRevisionDate"; Value = "17-Jul-2002"; VariantName = "[No Variations]"
Add component (AddParameter): Name = "LatestRevisionNote"; Value = "Re-released for DXP Platform."; VariantName = "[No Variations]"
Add component (AddParameter): Name = "PackageDescription"; Value = "Radial Cap, Thru-Hole; 2 Leads; 0.3 in Pin Spacing"; VariantName = "[No Variations]"
Add component (AddParameter): Name = "PackageReference"; Value = "RAD-0.3"; VariantName = "[No Variations]"
Add component (AddParameter): Name = "Published"; Value = "8-Jun-2000"; VariantName = "[No Variations]"
Add component (AddParameter): Name = "Publisher"; Value = "Altium Limited"; VariantName = "[No Variations]"
Add component (AddParameter): Name = "Value"; Value = "22uF"; VariantName = "[No Variations]"
Added Component: Designator=C16(0805)
Add component. Clean all parameters for all variants
Add component (AddParameter): Name = "LatestRevisionDate"; Value = "17-Jul-2002"; VariantName = "[No Variations]"
Add component (AddParameter): Name = "LatestRevisionNote"; Value = "Re-released for DXP Platform."; VariantName = "[No Variations]"
Add component (AddParameter): Name = "PackageDescription"; Value = "Radial Cap, Thru-Hole; 2 Leads; 0.3 in Pin Spacing"; VariantName = "[No Variations]"
Add component (AddParameter): Name = "PackageReference"; Value = "RAD-0.3"; VariantName = "[No Variations]"
Add component (AddParameter): Name = "Published"; Value = "8-Jun-2000"; VariantName = "[No Variations]"
Add component (AddParameter): Name = "Publisher"; Value = "Altium Limited"; VariantName = "[No Variations]"
Add component (AddParameter): Name = "Value"; Value = "150pF"; VariantName = "[No Variations]"
Added Component: Designator=C17(0805)
Add component. Clean all parameters for all variants
Add component (AddParameter): Name = "LatestRevisionDate"; Value = "17-Jul-2002"; VariantName = "[No Variations]"
Add component (AddParameter): Name = "LatestRevisionNote"; Value = "Re-released for DXP Platform."; VariantName = "[No Variations]"
Add component (AddParameter): Name = "PackageDescription"; Value = "Radial Cap, Thru-Hole; 2 Leads; 0.3 in Pin Spacing"; VariantName = "[No Variations]"
Add component (AddParameter): Name = "PackageReference"; Value = "RAD-0.3"; VariantName = "[No Variations]"
Add component (AddParameter): Name = "Published"; Value = "8-Jun-2000"; VariantName = "[No Variations]"
Add component (AddParameter): Name = "Publisher"; Value = "Altium Limited"; VariantName = "[No Variations]"
Add component (AddParameter): Name = "Value"; Value = "2.2uF"; VariantName = "[No Variations]"
Added Component: Designator=C18(0805)
Add component. Clean all parameters for all variants
Add component (AddParameter): Name = "LatestRevisionDate"; Value = "17-Jul-2002"; VariantName = "[No Variations]"
Add component (AddParameter): Name = "LatestRevisionNote"; Value = "Re-released for DXP Platform."; VariantName = "[No Variations]"
Add component (AddParameter): Name = "PackageDescription"; Value = "Radial Cap, Thru-Hole; 2 Leads; 0.3 in Pin Spacing"; VariantName = "[No Variations]"
Add component (AddParameter): Name = "PackageReference"; Value = "RAD-0.3"; VariantName = "[No Variations]"
Add component (AddParameter): Name = "Published"; Value = "8-Jun-2000"; VariantName = "[No Variations]"
Add component (AddParameter): Name = "Publisher"; Value = "Altium Limited"; VariantName = "[No Variations]"
Add component (AddParameter): Name = "Value"; Value = "2.2uF"; VariantName = "[No Variations]"
Added Component: Designator=C19(0805)
Add component. Clean all parameters for all variants
Add component (AddParameter): Name = "LatestRevisionDate"; Value = "17-Jul-2002"; VariantName = "[No Variations]"
Add component (AddParameter): Name = "LatestRevisionNote"; Value = "Re-released for DXP Platform."; VariantName = "[No Variations]"
Add component (AddParameter): Name = "PackageDescription"; Value = "Radial Cap, Thru-Hole; 2 Leads; 0.3 in Pin Spacing"; VariantName = "[No Variations]"
Add component (AddParameter): Name = "PackageReference"; Value = "RAD-0.3"; VariantName = "[No Variations]"
Add component (AddParameter): Name = "Published"; Value = "8-Jun-2000"; VariantName = "[No Variations]"
Add component (AddParameter): Name = "Publisher"; Value = "Altium Limited"; VariantName = "[No Variations]"
Add component (AddParameter): Name = "Value"; Value = "100nF"; VariantName = "[No Variations]"
Added Component: Designator=C20(0805)
Add component. Clean all parameters for all variants
Add component (AddParameter): Name = "LatestRevisionDate"; Value = "17-Jul-2002"; VariantName = "[No Variations]"
Add component (AddParameter): Name = "LatestRevisionNote"; Value = "Re-released for DXP Platform."; VariantName = "[No Variations]"
Add component (AddParameter): Name = "PackageDescription"; Value = "Radial Cap, Thru-Hole; 2 Leads; 0.3 in Pin Spacing"; VariantName = "[No Variations]"
Add component (AddParameter): Name = "PackageReference"; Value = "RAD-0.3"; VariantName = "[No Variations]"
Add component (AddParameter): Name = "Published"; Value = "8-Jun-2000"; VariantName = "[No Variations]"
Add component (AddParameter): Name = "Publisher"; Value = "Altium Limited"; VariantName = "[No Variations]"
Add component (AddParameter): Name = "Value"; Value = "1uF"; VariantName = "[No Variations]"
Added Component: Designator=C21(0805)
Add component. Clean all parameters for all variants
Add component (AddParameter): Name = "LatestRevisionDate"; Value = "17-Jul-2002"; VariantName = "[No Variations]"
Add component (AddParameter): Name = "LatestRevisionNote"; Value = "Re-released for DXP Platform."; VariantName = "[No Variations]"
Add component (AddParameter): Name = "PackageDescription"; Value = "Radial Cap, Thru-Hole; 2 Leads; 0.3 in Pin Spacing"; VariantName = "[No Variations]"
Add component (AddParameter): Name = "PackageReference"; Value = "RAD-0.3"; VariantName = "[No Variations]"
Add component (AddParameter): Name = "Published"; Value = "8-Jun-2000"; VariantName = "[No Variations]"
Add component (AddParameter): Name = "Publisher"; Value = "Altium Limited"; VariantName = "[No Variations]"
Add component (AddParameter): Name = "Value"; Value = "100nF"; VariantName = "[No Variations]"
Added Component: Designator=D1(SMC)
Add component. Clean all parameters for all variants
Add component (AddParameter): Name = "Code_JEDEC"; Value = "DO-214-AA"; VariantName = "[No Variations]"
Add component (AddParameter): Name = "LatestRevisionDate"; Value = "17-Jul-2002"; VariantName = "[No Variations]"
Add component (AddParameter): Name = "LatestRevisionNote"; Value = "Re-released for DXP Platform."; VariantName = "[No Variations]"
Add component (AddParameter): Name = "PackageDescription"; Value = "DO-214-AA/SMB; 2 C-Bend Leads; Body 5.3 x 3.6 mm, inc. leads (LxW)"; VariantName = "[No Variations]"
Add component (AddParameter): Name = "PackageReference"; Value = "SMB"; VariantName = "[No Variations]"
Add component (AddParameter): Name = "Published"; Value = "8-Jun-2000"; VariantName = "[No Variations]"
Add component (AddParameter): Name = "Publisher"; Value = "Altium Limited"; VariantName = "[No Variations]"
Added Component: Designator=fatmouse(QFP-100-0.5)
Add component. Clean all parameters for all variants
Added Component: Designator=GT-07(HDR1X5)
Add component. Clean all parameters for all variants
Add component (AddParameter): Name = "LatestRevisionDate"; Value = "17-Jul-2002"; VariantName = "[No Variations]"
Add component (AddParameter): Name = "LatestRevisionNote"; Value = "Re-released for DXP Platform."; VariantName = "[No Variations]"
Add component (AddParameter): Name = "Publisher"; Value = "Altium Limited"; VariantName = "[No Variations]"
Added Component: Designator=KEY1(key)
Add component. Clean all parameters for all variants
Added Component: Designator=L1(0402-A)
Add component. Clean all parameters for all variants
Add component (AddParameter): Name = "Code_IEC"; Value = "1005"; VariantName = "[No Variations]"
Add component (AddParameter): Name = "Code_JEITA"; Value = "0402"; VariantName = "[No Variations]"
Add component (AddParameter): Name = "LatestRevisionDate"; Value = "29-May-2009"; VariantName = "[No Variations]"
Add component (AddParameter): Name = "LatestRevisionNote"; Value = "IPC-7351 Footprint Added."; VariantName = "[No Variations]"
Add component (AddParameter): Name = "PackageDescription"; Value = "Chip Inductor"; VariantName = "[No Variations]"
Add component (AddParameter): Name = "PackageReference"; Value = "0402-A"; VariantName = "[No Variations]"
Add component (AddParameter): Name = "Published"; Value = "8-Jun-2000"; VariantName = "[No Variations]"
Add component (AddParameter): Name = "Publisher"; Value = "Altium Limited"; VariantName = "[No Variations]"
Add component (AddParameter): Name = "Value"; Value = "15uH"; VariantName = "[No Variations]"
Added Component: Designator=LED1(LED-0805)
Add component. Clean all parameters for all variants
Added Component: Designator=LED2(LED-0805)
Add component. Clean all parameters for all variants
Added Component: Designator=LED3(LED-0805)
Add component. Clean all parameters for all variants
Added Component: Designator=LED4(LED-0805)
Add component. Clean all parameters for all variants
Added Component: Designator=LED5(LED-0805)
Add component. Clean all parameters for all variants
Added Component: Designator=LED6(LED-0805)
Add component. Clean all parameters for all variants
Added Component: Designator=MOTOR1(HDR1X3H)
Add component. Clean all parameters for all variants
Add component (AddParameter): Name = "LatestRevisionDate"; Value = "17-Jul-2002"; VariantName = "[No Variations]"
Add component (AddParameter): Name = "LatestRevisionNote"; Value = "Re-released for DXP Platform."; VariantName = "[No Variations]"
Add component (AddParameter): Name = "Publisher"; Value = "Altium Limited"; VariantName = "[No Variations]"
Added Component: Designator=MOTOR2(HDR1X3H)
Add component. Clean all parameters for all variants
Add component (AddParameter): Name = "LatestRevisionDate"; Value = "17-Jul-2002"; VariantName = "[No Variations]"
Add component (AddParameter): Name = "LatestRevisionNote"; Value = "Re-released for DXP Platform."; VariantName = "[No Variations]"
Add component (AddParameter): Name = "Publisher"; Value = "Altium Limited"; VariantName = "[No Variations]"
Added Component: Designator=MOTOR3(HDR1X3H)
Add component. Clean all parameters for all variants
Add component (AddParameter): Name = "LatestRevisionDate"; Value = "17-Jul-2002"; VariantName = "[No Variations]"
Add component (AddParameter): Name = "LatestRevisionNote"; Value = "Re-released for DXP Platform."; VariantName = "[No Variations]"
Add component (AddParameter): Name = "Publisher"; Value = "Altium Limited"; VariantName = "[No Variations]"
Added Component: Designator=MOTOR4(HDR1X3H)
Add component. Clean all parameters for all variants
Add component (AddParameter): Name = "LatestRevisionDate"; Value = "17-Jul-2002"; VariantName = "[No Variations]"
Add component (AddParameter): Name = "LatestRevisionNote"; Value = "Re-released for DXP Platform."; VariantName = "[No Variations]"
Add component (AddParameter): Name = "Publisher"; Value = "Altium Limited"; VariantName = "[No Variations]"
Added Component: Designator=MP1584EN(LC-SOIC-8_EP_150mil)
Add component. Clean all parameters for all variants
Added Component: Designator=MPU9250(HDR1X4)
Add component. Clean all parameters for all variants
Add component (AddParameter): Name = "LatestRevisionDate"; Value = "17-Jul-2002"; VariantName = "[No Variations]"
Add component (AddParameter): Name = "LatestRevisionNote"; Value = "Re-released for DXP Platform."; VariantName = "[No Variations]"
Add component (AddParameter): Name = "Publisher"; Value = "Altium Limited"; VariantName = "[No Variations]"
Added Component: Designator=NRF24L01+(HDR2X4)
Add component. Clean all parameters for all variants
Add component (AddParameter): Name = "LatestRevisionDate"; Value = "17-Jul-2002"; VariantName = "[No Variations]"
Add component (AddParameter): Name = "LatestRevisionNote"; Value = "Re-released for DXP Platform."; VariantName = "[No Variations]"
Add component (AddParameter): Name = "Publisher"; Value = "Altium Limited"; VariantName = "[No Variations]"
Added Component: Designator=R1(0805)
Add component. Clean all parameters for all variants
Add component (AddParameter): Name = "LatestRevisionDate"; Value = "17-Jul-2002"; VariantName = "[No Variations]"
Add component (AddParameter): Name = "LatestRevisionNote"; Value = "Re-released for DXP Platform."; VariantName = "[No Variations]"
Add component (AddParameter): Name = "PackageDescription"; Value = "Axial Device, Thru-Hole; 2 Leads; 0.3 in Pin Spacing"; VariantName = "[No Variations]"
Add component (AddParameter): Name = "PackageReference"; Value = "AXIAL-0.3"; VariantName = "[No Variations]"
Add component (AddParameter): Name = "Published"; Value = "8-Jun-2000"; VariantName = "[No Variations]"
Add component (AddParameter): Name = "Publisher"; Value = "Altium Limited"; VariantName = "[No Variations]"
Add component (AddParameter): Name = "Value"; Value = "1K"; VariantName = "[No Variations]"
Added Component: Designator=R2(0805)
Add component. Clean all parameters for all variants
Add component (AddParameter): Name = "LatestRevisionDate"; Value = "17-Jul-2002"; VariantName = "[No Variations]"
Add component (AddParameter): Name = "LatestRevisionNote"; Value = "Re-released for DXP Platform."; VariantName = "[No Variations]"
Add component (AddParameter): Name = "PackageDescription"; Value = "Axial Device, Thru-Hole; 2 Leads; 0.3 in Pin Spacing"; VariantName = "[No Variations]"
Add component (AddParameter): Name = "PackageReference"; Value = "AXIAL-0.3"; VariantName = "[No Variations]"
Add component (AddParameter): Name = "Published"; Value = "8-Jun-2000"; VariantName = "[No Variations]"
Add component (AddParameter): Name = "Publisher"; Value = "Altium Limited"; VariantName = "[No Variations]"
Add component (AddParameter): Name = "Value"; Value = "1K"; VariantName = "[No Variations]"
Added Component: Designator=R3(0805)
Add component. Clean all parameters for all variants
Add component (AddParameter): Name = "LatestRevisionDate"; Value = "17-Jul-2002"; VariantName = "[No Variations]"
Add component (AddParameter): Name = "LatestRevisionNote"; Value = "Re-released for DXP Platform."; VariantName = "[No Variations]"
Add component (AddParameter): Name = "PackageDescription"; Value = "Axial Device, Thru-Hole; 2 Leads; 0.3 in Pin Spacing"; VariantName = "[No Variations]"
Add component (AddParameter): Name = "PackageReference"; Value = "AXIAL-0.3"; VariantName = "[No Variations]"
Add component (AddParameter): Name = "Published"; Value = "8-Jun-2000"; VariantName = "[No Variations]"
Add component (AddParameter): Name = "Publisher"; Value = "Altium Limited"; VariantName = "[No Variations]"
Add component (AddParameter): Name = "Value"; Value = "1K"; VariantName = "[No Variations]"
Added Component: Designator=R4(0805)
Add component. Clean all parameters for all variants
Add component (AddParameter): Name = "LatestRevisionDate"; Value = "17-Jul-2002"; VariantName = "[No Variations]"
Add component (AddParameter): Name = "LatestRevisionNote"; Value = "Re-released for DXP Platform."; VariantName = "[No Variations]"
Add component (AddParameter): Name = "PackageDescription"; Value = "Axial Device, Thru-Hole; 2 Leads; 0.3 in Pin Spacing"; VariantName = "[No Variations]"
Add component (AddParameter): Name = "PackageReference"; Value = "AXIAL-0.3"; VariantName = "[No Variations]"
Add component (AddParameter): Name = "Published"; Value = "8-Jun-2000"; VariantName = "[No Variations]"
Add component (AddParameter): Name = "Publisher"; Value = "Altium Limited"; VariantName = "[No Variations]"
Add component (AddParameter): Name = "Value"; Value = "100K"; VariantName = "[No Variations]"
Added Component: Designator=R5(0805)
Add component. Clean all parameters for all variants
Add component (AddParameter): Name = "LatestRevisionDate"; Value = "17-Jul-2002"; VariantName = "[No Variations]"
Add component (AddParameter): Name = "LatestRevisionNote"; Value = "Re-released for DXP Platform."; VariantName = "[No Variations]"
Add component (AddParameter): Name = "PackageDescription"; Value = "Axial Device, Thru-Hole; 2 Leads; 0.3 in Pin Spacing"; VariantName = "[No Variations]"
Add component (AddParameter): Name = "PackageReference"; Value = "AXIAL-0.3"; VariantName = "[No Variations]"
Add component (AddParameter): Name = "Published"; Value = "8-Jun-2000"; VariantName = "[No Variations]"
Add component (AddParameter): Name = "Publisher"; Value = "Altium Limited"; VariantName = "[No Variations]"
Add component (AddParameter): Name = "Value"; Value = "1K"; VariantName = "[No Variations]"
Added Component: Designator=R6(0805)
Add component. Clean all parameters for all variants
Add component (AddParameter): Name = "LatestRevisionDate"; Value = "17-Jul-2002"; VariantName = "[No Variations]"
Add component (AddParameter): Name = "LatestRevisionNote"; Value = "Re-released for DXP Platform."; VariantName = "[No Variations]"
Add component (AddParameter): Name = "PackageDescription"; Value = "Axial Device, Thru-Hole; 2 Leads; 0.3 in Pin Spacing"; VariantName = "[No Variations]"
Add component (AddParameter): Name = "PackageReference"; Value = "AXIAL-0.3"; VariantName = "[No Variations]"
Add component (AddParameter): Name = "Published"; Value = "8-Jun-2000"; VariantName = "[No Variations]"
Add component (AddParameter): Name = "Publisher"; Value = "Altium Limited"; VariantName = "[No Variations]"
Add component (AddParameter): Name = "Value"; Value = "1K"; VariantName = "[No Variations]"
Added Component: Designator=R7(0805)
Add component. Clean all parameters for all variants
Add component (AddParameter): Name = "LatestRevisionDate"; Value = "17-Jul-2002"; VariantName = "[No Variations]"
Add component (AddParameter): Name = "LatestRevisionNote"; Value = "Re-released for DXP Platform."; VariantName = "[No Variations]"
Add component (AddParameter): Name = "PackageDescription"; Value = "Axial Device, Thru-Hole; 2 Leads; 0.3 in Pin Spacing"; VariantName = "[No Variations]"
Add component (AddParameter): Name = "PackageReference"; Value = "AXIAL-0.3"; VariantName = "[No Variations]"
Add component (AddParameter): Name = "Published"; Value = "8-Jun-2000"; VariantName = "[No Variations]"
Add component (AddParameter): Name = "Publisher"; Value = "Altium Limited"; VariantName = "[No Variations]"
Add component (AddParameter): Name = "Value"; Value = "1K"; VariantName = "[No Variations]"
Added Component: Designator=R8(0805)
Add component. Clean all parameters for all variants
Add component (AddParameter): Name = "LatestRevisionDate"; Value = "17-Jul-2002"; VariantName = "[No Variations]"
Add component (AddParameter): Name = "LatestRevisionNote"; Value = "Re-released for DXP Platform."; VariantName = "[No Variations]"
Add component (AddParameter): Name = "PackageDescription"; Value = "Axial Device, Thru-Hole; 2 Leads; 0.3 in Pin Spacing"; VariantName = "[No Variations]"
Add component (AddParameter): Name = "PackageReference"; Value = "AXIAL-0.3"; VariantName = "[No Variations]"
Add component (AddParameter): Name = "Published"; Value = "8-Jun-2000"; VariantName = "[No Variations]"
Add component (AddParameter): Name = "Publisher"; Value = "Altium Limited"; VariantName = "[No Variations]"
Add component (AddParameter): Name = "Value"; Value = "1K"; VariantName = "[No Variations]"
Added Component: Designator=R9(0805)
Add component. Clean all parameters for all variants
Add component (AddParameter): Name = "LatestRevisionDate"; Value = "17-Jul-2002"; VariantName = "[No Variations]"
Add component (AddParameter): Name = "LatestRevisionNote"; Value = "Re-released for DXP Platform."; VariantName = "[No Variations]"
Add component (AddParameter): Name = "PackageDescription"; Value = "Axial Device, Thru-Hole; 2 Leads; 0.3 in Pin Spacing"; VariantName = "[No Variations]"
Add component (AddParameter): Name = "PackageReference"; Value = "AXIAL-0.3"; VariantName = "[No Variations]"
Add component (AddParameter): Name = "Published"; Value = "8-Jun-2000"; VariantName = "[No Variations]"
Add component (AddParameter): Name = "Publisher"; Value = "Altium Limited"; VariantName = "[No Variations]"
Add component (AddParameter): Name = "Value"; Value = "201K"; VariantName = "[No Variations]"
Added Component: Designator=R10(0805)
Add component. Clean all parameters for all variants
Add component (AddParameter): Name = "LatestRevisionDate"; Value = "17-Jul-2002"; VariantName = "[No Variations]"
Add component (AddParameter): Name = "LatestRevisionNote"; Value = "Re-released for DXP Platform."; VariantName = "[No Variations]"
Add component (AddParameter): Name = "PackageDescription"; Value = "Axial Device, Thru-Hole; 2 Leads; 0.3 in Pin Spacing"; VariantName = "[No Variations]"
Add component (AddParameter): Name = "PackageReference"; Value = "AXIAL-0.3"; VariantName = "[No Variations]"
Add component (AddParameter): Name = "Published"; Value = "8-Jun-2000"; VariantName = "[No Variations]"
Add component (AddParameter): Name = "Publisher"; Value = "Altium Limited"; VariantName = "[No Variations]"
Add component (AddParameter): Name = "Value"; Value = "40.2K"; VariantName = "[No Variations]"
Added Component: Designator=R11(0805)
Add component. Clean all parameters for all variants
Add component (AddParameter): Name = "LatestRevisionDate"; Value = "17-Jul-2002"; VariantName = "[No Variations]"
Add component (AddParameter): Name = "LatestRevisionNote"; Value = "Re-released for DXP Platform."; VariantName = "[No Variations]"
Add component (AddParameter): Name = "PackageDescription"; Value = "Axial Device, Thru-Hole; 2 Leads; 0.3 in Pin Spacing"; VariantName = "[No Variations]"
Add component (AddParameter): Name = "PackageReference"; Value = "AXIAL-0.3"; VariantName = "[No Variations]"
Add component (AddParameter): Name = "Published"; Value = "8-Jun-2000"; VariantName = "[No Variations]"
Add component (AddParameter): Name = "Publisher"; Value = "Altium Limited"; VariantName = "[No Variations]"
Add component (AddParameter): Name = "Value"; Value = "100K"; VariantName = "[No Variations]"
Added Component: Designator=R12(0805)
Add component. Clean all parameters for all variants
Add component (AddParameter): Name = "LatestRevisionDate"; Value = "17-Jul-2002"; VariantName = "[No Variations]"
Add component (AddParameter): Name = "LatestRevisionNote"; Value = "Re-released for DXP Platform."; VariantName = "[No Variations]"
Add component (AddParameter): Name = "PackageDescription"; Value = "Axial Device, Thru-Hole; 2 Leads; 0.3 in Pin Spacing"; VariantName = "[No Variations]"
Add component (AddParameter): Name = "PackageReference"; Value = "AXIAL-0.3"; VariantName = "[No Variations]"
Add component (AddParameter): Name = "Published"; Value = "8-Jun-2000"; VariantName = "[No Variations]"
Add component (AddParameter): Name = "Publisher"; Value = "Altium Limited"; VariantName = "[No Variations]"
Add component (AddParameter): Name = "Value"; Value = "100K"; VariantName = "[No Variations]"
Added Component: Designator=SWD(PIN-4-2.54-1.0)
Add component. Clean all parameters for all variants
Add component (AddParameter): Name = "LatestRevisionDate"; Value = "17-Jul-2002"; VariantName = "[No Variations]"
Add component (AddParameter): Name = "LatestRevisionNote"; Value = "Re-released for DXP Platform."; VariantName = "[No Variations]"
Add component (AddParameter): Name = "Publisher"; Value = "Altium Limited"; VariantName = "[No Variations]"
Added Component: Designator=X1(HC49S)
Add component. Clean all parameters for all variants
Added Component: Designator=А¶СА(PIN-4-2.54-1.0)
Add component. Clean all parameters for all variants
Add component (AddParameter): Name = "LatestRevisionDate"; Value = "17-Jul-2002"; VariantName = "[No Variations]"
Add component (AddParameter): Name = "LatestRevisionNote"; Value = "Re-released for DXP Platform."; VariantName = "[No Variations]"
Add component (AddParameter): Name = "Publisher"; Value = "Altium Limited"; VariantName = "[No Variations]"
Added Pin To Net: NetName=3.3V Pin=5V-3.3V-2
Added Pin To Net: NetName=3.3V Pin=BMP280-1
Added Pin To Net: NetName=3.3V Pin=C2-1
Added Pin To Net: NetName=3.3V Pin=C4-1
Added Pin To Net: NetName=3.3V Pin=C5-1
Added Pin To Net: NetName=3.3V Pin=C7-1
Added Pin To Net: NetName=3.3V Pin=C10-1
Added Pin To Net: NetName=3.3V Pin=C12-2
Added Pin To Net: NetName=3.3V Pin=C13-2
Added Pin To Net: NetName=3.3V Pin=C19-1
Added Pin To Net: NetName=3.3V Pin=C20-2
Added Pin To Net: NetName=3.3V Pin=C21-2
Added Pin To Net: NetName=3.3V Pin=fatmouse-6
Added Pin To Net: NetName=3.3V Pin=fatmouse-11
Added Pin To Net: NetName=3.3V Pin=fatmouse-19
Added Pin To Net: NetName=3.3V Pin=fatmouse-21
Added Pin To Net: NetName=3.3V Pin=fatmouse-22
Added Pin To Net: NetName=3.3V Pin=fatmouse-28
Added Pin To Net: NetName=3.3V Pin=fatmouse-50
Added Pin To Net: NetName=3.3V Pin=fatmouse-75
Added Pin To Net: NetName=3.3V Pin=fatmouse-100
Added Pin To Net: NetName=3.3V Pin=GT-07-1
Added Pin To Net: NetName=3.3V Pin=MPU9250-1
Added Pin To Net: NetName=3.3V Pin=NRF24L01+-2
Added Pin To Net: NetName=3.3V Pin=R1-2
Added Pin To Net: NetName=3.3V Pin=R5-2
Added Pin To Net: NetName=3.3V Pin=R6-2
Added Pin To Net: NetName=3.3V Pin=R7-2
Added Pin To Net: NetName=3.3V Pin=R8-2
Added Pin To Net: NetName=3.3V Pin=SWD-4
Added Pin To Net: NetName=3.3V Pin=А¶СА-4
Added Net: Name=3.3V
Added Pin To Net: NetName=5V Pin=5V-3.3V-3
Added Pin To Net: NetName=5V Pin=C9-1
Added Pin To Net: NetName=5V Pin=C11-2
Added Pin To Net: NetName=5V Pin=C15-1
Added Pin To Net: NetName=5V Pin=L1-2
Added Pin To Net: NetName=5V Pin=LED6-1
Added Pin To Net: NetName=5V Pin=R9-1
Added Net: Name=5V
Added Pin To Net: NetName=BLUE_RX Pin=fatmouse-69
Added Pin To Net: NetName=BLUE_RX Pin=А¶СА-2
Added Net: Name=BLUE_RX
Added Pin To Net: NetName=BLUE_TX Pin=fatmouse-68
Added Pin To Net: NetName=BLUE_TX Pin=А¶СА-1
Added Net: Name=BLUE_TX
Added Pin To Net: NetName=BMP_SCL Pin=BMP280-3
Added Net: Name=BMP_SCL
Added Pin To Net: NetName=BMP_SDA Pin=BMP280-4
Added Net: Name=BMP_SDA
Added Pin To Net: NetName=BOOT0 Pin=fatmouse-94
Added Pin To Net: NetName=BOOT0 Pin=R2-2
Added Net: Name=BOOT0
Added Pin To Net: NetName=BOOT1 Pin=fatmouse-37
Added Pin To Net: NetName=BOOT1 Pin=R3-2
Added Net: Name=BOOT1
Added Pin To Net: NetName=CH1 Pin=fatmouse-40
Added Pin To Net: NetName=CH1 Pin=MOTOR1-1
Added Net: Name=CH1
Added Pin To Net: NetName=CH2 Pin=fatmouse-42
Added Pin To Net: NetName=CH2 Pin=MOTOR2-1
Added Net: Name=CH2
Added Pin To Net: NetName=CH3 Pin=fatmouse-44
Added Pin To Net: NetName=CH3 Pin=MOTOR3-1
Added Net: Name=CH3
Added Pin To Net: NetName=CH4 Pin=fatmouse-45
Added Pin To Net: NetName=CH4 Pin=MOTOR4-1
Added Net: Name=CH4
Added Pin To Net: NetName=GND Pin=5V-3.3V-1
Added Pin To Net: NetName=GND Pin=BMP280-2
Added Pin To Net: NetName=GND Pin=BMP280-6
Added Pin To Net: NetName=GND Pin=C1-1
Added Pin To Net: NetName=GND Pin=C2-2
Added Pin To Net: NetName=GND Pin=C3-1
Added Pin To Net: NetName=GND Pin=C4-2
Added Pin To Net: NetName=GND Pin=C5-2
Added Pin To Net: NetName=GND Pin=C7-2
Added Pin To Net: NetName=GND Pin=C8-2
Added Pin To Net: NetName=GND Pin=C9-2
Added Pin To Net: NetName=GND Pin=C10-2
Added Pin To Net: NetName=GND Pin=C11-1
Added Pin To Net: NetName=GND Pin=C12-1
Added Pin To Net: NetName=GND Pin=C13-1
Added Pin To Net: NetName=GND Pin=C14-1
Added Pin To Net: NetName=GND Pin=C15-2
Added Pin To Net: NetName=GND Pin=C17-2
Added Pin To Net: NetName=GND Pin=C18-2
Added Pin To Net: NetName=GND Pin=C19-2
Added Pin To Net: NetName=GND Pin=C20-1
Added Pin To Net: NetName=GND Pin=C21-1
Added Pin To Net: NetName=GND Pin=D1-1
Added Pin To Net: NetName=GND Pin=fatmouse-10
Added Pin To Net: NetName=GND Pin=fatmouse-20
Added Pin To Net: NetName=GND Pin=fatmouse-27
Added Pin To Net: NetName=GND Pin=fatmouse-74
Added Pin To Net: NetName=GND Pin=fatmouse-99
Added Pin To Net: NetName=GND Pin=GT-07-2
Added Pin To Net: NetName=GND Pin=KEY1-1
Added Pin To Net: NetName=GND Pin=LED5-2
Added Pin To Net: NetName=GND Pin=LED6-2
Added Pin To Net: NetName=GND Pin=MOTOR1-3
Added Pin To Net: NetName=GND Pin=MOTOR2-3
Added Pin To Net: NetName=GND Pin=MOTOR3-3
Added Pin To Net: NetName=GND Pin=MOTOR4-3
Added Pin To Net: NetName=GND Pin=MP1584EN-5
Added Pin To Net: NetName=GND Pin=MPU9250-2
Added Pin To Net: NetName=GND Pin=NRF24L01+-1
Added Pin To Net: NetName=GND Pin=R2-1
Added Pin To Net: NetName=GND Pin=R3-1
Added Pin To Net: NetName=GND Pin=R10-1
Added Pin To Net: NetName=GND Pin=R11-1
Added Pin To Net: NetName=GND Pin=R12-1
Added Pin To Net: NetName=GND Pin=SWD-3
Added Pin To Net: NetName=GND Pin=А¶СА-3
Added Net: Name=GND
Added Pin To Net: NetName=GT_RXD Pin=fatmouse-25
Added Pin To Net: NetName=GT_RXD Pin=GT-07-4
Added Net: Name=GT_RXD
Added Pin To Net: NetName=GT_TXD Pin=fatmouse-26
Added Pin To Net: NetName=GT_TXD Pin=GT-07-3
Added Net: Name=GT_TXD
Added Pin To Net: NetName=IMU_SCL Pin=fatmouse-93
Added Pin To Net: NetName=IMU_SCL Pin=MPU9250-3
Added Net: Name=IMU_SCL
Added Pin To Net: NetName=IMU_SDA Pin=fatmouse-92
Added Pin To Net: NetName=IMU_SDA Pin=MPU9250-4
Added Net: Name=IMU_SDA
Added Pin To Net: NetName=LED0 Pin=LED1-2
Added Net: Name=LED0
Added Pin To Net: NetName=LED1 Pin=LED2-2
Added Net: Name=LED1
Added Pin To Net: NetName=LED2 Pin=LED3-2
Added Net: Name=LED2
Added Pin To Net: NetName=LED3 Pin=LED4-2
Added Net: Name=LED3
Added Pin To Net: NetName=NetC6_1 Pin=C6-1
Added Pin To Net: NetName=NetC6_1 Pin=MP1584EN-8
Added Net: Name=NetC6_1
Added Pin To Net: NetName=NetC6_2 Pin=C6-2
Added Pin To Net: NetName=NetC6_2 Pin=D1-2
Added Pin To Net: NetName=NetC6_2 Pin=L1-1
Added Pin To Net: NetName=NetC6_2 Pin=MP1584EN-1
Added Net: Name=NetC6_2
Added Pin To Net: NetName=NetC16_1 Pin=C16-1
Added Pin To Net: NetName=NetC16_1 Pin=R12-2
Added Net: Name=NetC16_1
Added Pin To Net: NetName=NetC16_2 Pin=C16-2
Added Pin To Net: NetName=NetC16_2 Pin=MP1584EN-3
Added Net: Name=NetC16_2
Added Pin To Net: NetName=NetC17_1 Pin=C17-1
Added Pin To Net: NetName=NetC17_1 Pin=fatmouse-73
Added Net: Name=NetC17_1
Added Pin To Net: NetName=NetC18_1 Pin=C18-1
Added Pin To Net: NetName=NetC18_1 Pin=fatmouse-49
Added Net: Name=NetC18_1
Added Pin To Net: NetName=NetLED1_1 Pin=LED1-1
Added Pin To Net: NetName=NetLED1_1 Pin=R5-1
Added Net: Name=NetLED1_1
Added Pin To Net: NetName=NetLED2_1 Pin=LED2-1
Added Pin To Net: NetName=NetLED2_1 Pin=R6-1
Added Net: Name=NetLED2_1
Added Pin To Net: NetName=NetLED3_1 Pin=LED3-1
Added Pin To Net: NetName=NetLED3_1 Pin=R7-1
Added Net: Name=NetLED3_1
Added Pin To Net: NetName=NetLED4_1 Pin=LED4-1
Added Pin To Net: NetName=NetLED4_1 Pin=R8-1
Added Net: Name=NetLED4_1
Added Pin To Net: NetName=NetMP1584EN_2 Pin=MP1584EN-2
Added Pin To Net: NetName=NetMP1584EN_2 Pin=R4-1
Added Net: Name=NetMP1584EN_2
Added Pin To Net: NetName=NetMP1584EN_4 Pin=MP1584EN-4
Added Pin To Net: NetName=NetMP1584EN_4 Pin=R9-2
Added Pin To Net: NetName=NetMP1584EN_4 Pin=R10-2
Added Net: Name=NetMP1584EN_4
Added Pin To Net: NetName=NetMP1584EN_6 Pin=MP1584EN-6
Added Pin To Net: NetName=NetMP1584EN_6 Pin=R11-2
Added Net: Name=NetMP1584EN_6
Added Pin To Net: NetName=NRF_CE Pin=fatmouse-33
Added Pin To Net: NetName=NRF_CE Pin=NRF24L01+-3
Added Net: Name=NRF_CE
Added Pin To Net: NetName=NRF_CSN Pin=fatmouse-34
Added Pin To Net: NetName=NRF_CSN Pin=NRF24L01+-4
Added Net: Name=NRF_CSN
Added Pin To Net: NetName=NRF_IRQ Pin=fatmouse-35
Added Pin To Net: NetName=NRF_IRQ Pin=NRF24L01+-8
Added Net: Name=NRF_IRQ
Added Pin To Net: NetName=NRF_MISO Pin=fatmouse-31
Added Pin To Net: NetName=NRF_MISO Pin=NRF24L01+-7
Added Net: Name=NRF_MISO
Added Pin To Net: NetName=NRF_MOSI Pin=fatmouse-32
Added Pin To Net: NetName=NRF_MOSI Pin=NRF24L01+-6
Added Net: Name=NRF_MOSI
Added Pin To Net: NetName=NRF_SCK Pin=fatmouse-30
Added Pin To Net: NetName=NRF_SCK Pin=NRF24L01+-5
Added Net: Name=NRF_SCK
Added Pin To Net: NetName=OSC_IN Pin=C1-2
Added Pin To Net: NetName=OSC_IN Pin=fatmouse-12
Added Pin To Net: NetName=OSC_IN Pin=X1-1
Added Net: Name=OSC_IN
Added Pin To Net: NetName=OSC_OUT Pin=C3-2
Added Pin To Net: NetName=OSC_OUT Pin=fatmouse-13
Added Pin To Net: NetName=OSC_OUT Pin=X1-2
Added Net: Name=OSC_OUT
Added Pin To Net: NetName=PA0 Pin=fatmouse-23
Added Net: Name=PA0
Added Pin To Net: NetName=PA1 Pin=fatmouse-24
Added Net: Name=PA1
Added Pin To Net: NetName=PA4 Pin=fatmouse-29
Added Net: Name=PA4
Added Pin To Net: NetName=PA8 Pin=fatmouse-67
Added Net: Name=PA8
Added Pin To Net: NetName=PA11 Pin=fatmouse-70
Added Net: Name=PA11
Added Pin To Net: NetName=PA12 Pin=fatmouse-71
Added Net: Name=PA12
Added Pin To Net: NetName=PA15 Pin=fatmouse-77
Added Net: Name=PA15
Added Pin To Net: NetName=PB1 Pin=fatmouse-36
Added Net: Name=PB1
Added Pin To Net: NetName=PB3 Pin=fatmouse-89
Added Net: Name=PB3
Added Pin To Net: NetName=PB4 Pin=fatmouse-90
Added Net: Name=PB4
Added Pin To Net: NetName=PB5 Pin=fatmouse-91
Added Net: Name=PB5
Added Pin To Net: NetName=PB8 Pin=fatmouse-95
Added Net: Name=PB8
Added Pin To Net: NetName=PB9 Pin=fatmouse-96
Added Net: Name=PB9
Added Pin To Net: NetName=PB10 Pin=fatmouse-47
Added Net: Name=PB10
Added Pin To Net: NetName=PB11 Pin=fatmouse-48
Added Net: Name=PB11
Added Pin To Net: NetName=PB12 Pin=fatmouse-51
Added Net: Name=PB12
Added Pin To Net: NetName=PB13 Pin=fatmouse-52
Added Net: Name=PB13
Added Pin To Net: NetName=PB14 Pin=fatmouse-53
Added Net: Name=PB14
Added Pin To Net: NetName=PB15 Pin=fatmouse-54
Added Net: Name=PB15
Added Pin To Net: NetName=PC0 Pin=fatmouse-15
Added Net: Name=PC0
Added Pin To Net: NetName=PC1 Pin=fatmouse-16
Added Net: Name=PC1
Added Pin To Net: NetName=PC2 Pin=fatmouse-17
Added Net: Name=PC2
Added Pin To Net: NetName=PC3 Pin=fatmouse-18
Added Net: Name=PC3
Added Pin To Net: NetName=PC6 Pin=fatmouse-63
Added Net: Name=PC6
Added Pin To Net: NetName=PC7 Pin=fatmouse-64
Added Net: Name=PC7
Added Pin To Net: NetName=PC8 Pin=fatmouse-65
Added Net: Name=PC8
Added Pin To Net: NetName=PC9 Pin=fatmouse-66
Added Net: Name=PC9
Added Pin To Net: NetName=PC10 Pin=fatmouse-78
Added Net: Name=PC10
Added Pin To Net: NetName=PC11 Pin=fatmouse-79
Added Net: Name=PC11
Added Pin To Net: NetName=PC12 Pin=fatmouse-80
Added Net: Name=PC12
Added Pin To Net: NetName=PC13 Pin=fatmouse-7
Added Net: Name=PC13
Added Pin To Net: NetName=PC14 Pin=fatmouse-8
Added Net: Name=PC14
Added Pin To Net: NetName=PC15 Pin=fatmouse-9
Added Net: Name=PC15
Added Pin To Net: NetName=PD0 Pin=fatmouse-81
Added Net: Name=PD0
Added Pin To Net: NetName=PD1 Pin=fatmouse-82
Added Net: Name=PD1
Added Pin To Net: NetName=PD2 Pin=fatmouse-83
Added Net: Name=PD2
Added Pin To Net: NetName=PD3 Pin=fatmouse-84
Added Net: Name=PD3
Added Pin To Net: NetName=PD4 Pin=fatmouse-85
Added Net: Name=PD4
Added Pin To Net: NetName=PD5 Pin=fatmouse-86
Added Net: Name=PD5
Added Pin To Net: NetName=PD6 Pin=fatmouse-87
Added Net: Name=PD6
Added Pin To Net: NetName=PD7 Pin=fatmouse-88
Added Net: Name=PD7
Added Pin To Net: NetName=PD8 Pin=fatmouse-55
Added Net: Name=PD8
Added Pin To Net: NetName=PD9 Pin=fatmouse-56
Added Net: Name=PD9
Added Pin To Net: NetName=PD10 Pin=fatmouse-57
Added Net: Name=PD10
Added Pin To Net: NetName=PD11 Pin=fatmouse-58
Added Net: Name=PD11
Added Pin To Net: NetName=PD12 Pin=fatmouse-59
Added Net: Name=PD12
Added Pin To Net: NetName=PD13 Pin=fatmouse-60
Added Net: Name=PD13
Added Pin To Net: NetName=PD14 Pin=fatmouse-61
Added Net: Name=PD14
Added Pin To Net: NetName=PD15 Pin=fatmouse-62
Added Net: Name=PD15
Added Pin To Net: NetName=PE0 Pin=fatmouse-97
Added Net: Name=PE0
Added Pin To Net: NetName=PE1 Pin=fatmouse-98
Added Net: Name=PE1
Added Pin To Net: NetName=PE2 Pin=fatmouse-1
Added Net: Name=PE2
Added Pin To Net: NetName=PE3 Pin=fatmouse-2
Added Net: Name=PE3
Added Pin To Net: NetName=PE4 Pin=fatmouse-3
Added Net: Name=PE4
Added Pin To Net: NetName=PE5 Pin=fatmouse-4
Added Net: Name=PE5
Added Pin To Net: NetName=PE6 Pin=fatmouse-5
Added Net: Name=PE6
Added Pin To Net: NetName=PE7 Pin=fatmouse-38
Added Net: Name=PE7
Added Pin To Net: NetName=PE8 Pin=fatmouse-39
Added Net: Name=PE8
Added Pin To Net: NetName=PE10 Pin=fatmouse-41
Added Net: Name=PE10
Added Pin To Net: NetName=PE12 Pin=fatmouse-43
Added Net: Name=PE12
Added Pin To Net: NetName=PE15 Pin=fatmouse-46
Added Net: Name=PE15
Added Pin To Net: NetName=PPS Pin=GT-07-5
Added Net: Name=PPS
Added Pin To Net: NetName=RST Pin=C14-2
Added Pin To Net: NetName=RST Pin=fatmouse-14
Added Pin To Net: NetName=RST Pin=KEY1-2
Added Pin To Net: NetName=RST Pin=R1-1
Added Net: Name=RST
Added Pin To Net: NetName=SWCLK Pin=fatmouse-76
Added Pin To Net: NetName=SWCLK Pin=SWD-1
Added Net: Name=SWCLK
Added Pin To Net: NetName=SWDIO Pin=fatmouse-72
Added Pin To Net: NetName=SWDIO Pin=SWD-2
Added Net: Name=SWDIO
Added Pin To Net: NetName=VIN Pin=C8-1
Added Pin To Net: NetName=VIN Pin=LED5-1
Added Pin To Net: NetName=VIN Pin=MP1584EN-7
Added Pin To Net: NetName=VIN Pin=R4-2
Added Net: Name=VIN
Added Class: Name=STM32F407VET6
Added Room: Name=STM32F407VET6
